2023-05-23 12:53:46,569 [main] INFO  Base.Setup  - http://testvendo.ppms.co.in/#/page/signin
2023-05-23 14:34:25,177 [main] INFO  Base.Setup  - http://testvendo.ppms.co.in/#/page/signin
2023-05-23 14:37:50,794 [main] INFO  Base.Setup  - http://testvendo.ppms.co.in/#/page/signin
2023-05-23 16:39:48,821 [main] INFO  Base.Setup  - http://testvendo.ppms.co.in/#/page/signin
2023-05-23 16:40:18,326 [main] INFO  Base.Setup  - http://testvendo.ppms.co.in/#/page/signin
2023-05-23 16:41:28,175 [main] INFO  Base.Setup  - http://testvendo.ppms.co.in/#/page/signin
2023-05-23 17:53:56,860 [main] INFO  Base.Setup  - http://testvendo.ppms.co.in/#/page/signin
2023-05-23 17:58:53,394 [main] INFO  Base.Setup  - http://testvendo.ppms.co.in/#/page/signin
2023-05-23 18:02:09,147 [main] INFO  Base.Setup  - http://testvendo.ppms.co.in/#/page/signin
2023-05-23 19:57:03,079 [main] INFO  Base.Setup  - http://testvendo.ppms.co.in/#/page/signin
2023-05-23 19:57:28,152 [main] INFO  Base.Setup  - http://testvendo.ppms.co.in/#/page/signin
2023-05-23 19:58:39,536 [main] INFO  Base.Setup  - http://testvendo.ppms.co.in/#/page/signin
2023-05-23 20:00:19,118 [main] INFO  Base.Setup  - http://testvendo.ppms.co.in/#/page/signin
2023-05-23 20:01:12,303 [main] INFO  Base.Setup  - http://testvendo.ppms.co.in/#/page/signin
2023-05-23 20:02:40,736 [main] INFO  Base.Setup  - http://testvendo.ppms.co.in/#/page/signin
2023-05-23 20:03:54,709 [main] INFO  Base.Setup  - http://testvendo.ppms.co.in/#/page/signin
2023-05-23 20:05:11,144 [main] INFO  Base.Setup  - http://testvendo.ppms.co.in/#/page/signin
2023-05-23 20:07:48,643 [main] INFO  Base.Setup  - http://testvendo.ppms.co.in/#/page/signin
2023-05-23 20:08:59,282 [main] INFO  Base.Setup  - http://testvendo.ppms.co.in/#/page/signin
2023-05-23 20:11:57,691 [main] INFO  Base.Setup  - http://testvendo.ppms.co.in/#/page/signin
2023-05-23 20:13:21,368 [main] INFO  Base.Setup  - http://testvendo.ppms.co.in/#/page/signin
2023-05-23 20:15:30,981 [main] INFO  Base.Setup  - http://testvendo.ppms.co.in/#/page/signin
2023-05-23 20:17:00,780 [main] INFO  Base.Setup  - http://testvendo.ppms.co.in/#/page/signin
2023-05-23 20:18:29,535 [main] INFO  Base.Setup  - http://testvendo.ppms.co.in/#/page/signin
2023-05-23 20:21:27,370 [main] INFO  Base.Setup  - http://testvendo.ppms.co.in/#/page/signin
2023-05-23 20:23:06,904 [main] INFO  Base.Setup  - http://testvendo.ppms.co.in/#/page/signin
2023-05-23 20:25:12,229 [main] INFO  Base.Setup  - http://testvendo.ppms.co.in/#/page/signin
2023-05-23 20:26:34,016 [main] INFO  Base.Setup  - http://testvendo.ppms.co.in/#/page/signin
2023-05-23 20:27:16,067 [main] INFO  Base.Setup  - http://testvendo.ppms.co.in/#/page/signin
2023-05-23 22:14:16,164 [main] INFO  Base.Setup  - http://testvendo.ppms.co.in/#/page/signin
2023-05-23 22:18:51,165 [main] INFO  Base.Setup  - http://testvendo.ppms.co.in/#/page/signin
2023-05-23 22:22:09,411 [main] INFO  Base.Setup  - http://testvendo.ppms.co.in/#/page/signin
2023-05-23 22:30:04,523 [main] INFO  Base.Setup  - http://testvendo.ppms.co.in/#/page/signin
2023-05-23 22:30:53,831 [main] INFO  Base.Setup  - http://testvendo.ppms.co.in/#/page/signin
2023-05-23 22:36:23,434 [main] INFO  Base.Setup  - http://testvendo.ppms.co.in/#/page/signin
2023-05-23 22:39:07,897 [main] INFO  Base.Setup  - http://testvendo.ppms.co.in/#/page/signin
2023-05-23 22:41:09,989 [main] INFO  Base.Setup  - http://testvendo.ppms.co.in/#/page/signin
2023-05-23 22:42:32,825 [main] INFO  Base.Setup  - http://testvendo.ppms.co.in/#/page/signin
2023-05-23 22:45:55,598 [main] INFO  Base.Setup  - http://testvendo.ppms.co.in/#/page/signin
2023-05-23 22:50:03,084 [main] INFO  Base.Setup  - http://testvendo.ppms.co.in/#/page/signin
2023-05-23 22:53:07,149 [main] INFO  Base.Setup  - http://testvendo.ppms.co.in/#/page/signin
2023-05-23 23:06:08,865 [main] INFO  Base.Setup  - http://testvendo.ppms.co.in/#/page/signin
2023-05-23 23:07:41,614 [main] INFO  Base.Setup  - http://testvendo.ppms.co.in/#/page/signin
2023-05-23 23:11:42,914 [main] INFO  Base.Setup  - http://testvendo.ppms.co.in/#/page/signin
2023-05-23 23:12:55,614 [main] INFO  Base.Setup  - http://testvendo.ppms.co.in/#/page/signin
2023-05-24 12:02:57,868 [main] INFO  Base.Setup  - http://testvendo.ppms.co.in/#/page/signin
2023-05-24 12:04:22,532 [main] INFO  Base.Setup  - http://testvendo.ppms.co.in/#/page/signin
2023-05-24 12:09:52,234 [main] INFO  Base.Setup  - http://testvendo.ppms.co.in/#/page/signin
2023-05-24 12:11:17,551 [main] INFO  Base.Setup  - http://testvendo.ppms.co.in/#/page/signin
2023-05-24 12:37:20,815 [main] INFO  Base.Setup  - http://testvendo.ppms.co.in/#/page/signin
2023-05-24 12:46:31,779 [main] INFO  Base.Setup  - http://testvendo.ppms.co.in/#/page/signin
2023-05-24 12:47:27,014 [main] INFO  Base.Setup  - http://testvendo.ppms.co.in/#/page/signin
2023-05-24 12:48:32,100 [main] INFO  Base.Setup  - http://testvendo.ppms.co.in/#/page/signin
2023-05-24 12:49:24,353 [main] INFO  Base.Setup  - http://testvendo.ppms.co.in/#/page/signin
2023-05-24 12:51:52,215 [main] INFO  Base.Setup  - http://testvendo.ppms.co.in/#/page/signin
2023-05-24 12:55:42,250 [main] INFO  Base.Setup  - http://testvendo.ppms.co.in/#/page/signin
2023-05-24 13:01:41,734 [main] INFO  Base.Setup  - http://testvendo.ppms.co.in/#/page/signin
2023-05-24 13:05:59,311 [main] INFO  Base.Setup  - http://testvendo.ppms.co.in/#/page/signin
2023-05-24 13:06:47,467 [main] INFO  Base.Setup  - http://testvendo.ppms.co.in/#/page/signin
2023-05-24 13:07:33,145 [main] INFO  Base.Setup  - http://testvendo.ppms.co.in/#/page/signin
2023-05-24 13:09:48,747 [main] INFO  Base.Setup  - http://testvendo.ppms.co.in/#/page/signin
2023-05-24 13:11:58,056 [main] INFO  Base.Setup  - http://testvendo.ppms.co.in/#/page/signin
2023-05-24 13:12:39,810 [main] INFO  Base.Setup  - http://testvendo.ppms.co.in/#/page/signin
2023-05-24 13:21:04,356 [main] INFO  Base.Setup  - http://testvendo.ppms.co.in/#/page/signin
2023-05-24 13:23:42,305 [main] INFO  Base.Setup  - http://testvendo.ppms.co.in/#/page/signin
2023-05-24 13:27:42,647 [main] INFO  Base.Setup  - http://testvendo.ppms.co.in/#/page/signin
2023-05-24 13:32:26,680 [main] INFO  Base.Setup  - http://testvendo.ppms.co.in/#/page/signin
2023-05-24 13:38:54,968 [main] INFO  Base.Setup  - http://testvendo.ppms.co.in/#/page/signin
2023-05-24 13:41:30,837 [main] INFO  Base.Setup  - http://testvendo.ppms.co.in/#/page/signin
2023-05-24 13:42:57,783 [main] INFO  Base.Setup  - http://testvendo.ppms.co.in/#/page/signin
2023-05-24 13:44:45,731 [main] INFO  Base.Setup  - http://testvendo.ppms.co.in/#/page/signin
2023-05-24 13:46:38,647 [main] INFO  Base.Setup  - http://testvendo.ppms.co.in/#/page/signin
2023-05-24 13:50:21,020 [main] INFO  Base.Setup  - http://testvendo.ppms.co.in/#/page/signin
2023-05-24 13:52:02,505 [main] INFO  Base.Setup  - http://testvendo.ppms.co.in/#/page/signin
2023-05-24 13:54:26,483 [main] INFO  Base.Setup  - http://testvendo.ppms.co.in/#/page/signin
2023-05-24 13:55:52,716 [main] INFO  Base.Setup  - http://testvendo.ppms.co.in/#/page/signin
2023-05-24 14:43:54,670 [main] INFO  Base.Setup  - http://testvendo.ppms.co.in/#/page/signin
2023-05-24 14:47:28,403 [main] INFO  Base.Setup  - http://testvendo.ppms.co.in/#/page/signin
2023-05-24 14:48:58,794 [main] INFO  Base.Setup  - http://testvendo.ppms.co.in/#/page/signin
2023-05-24 15:10:18,372 [main] INFO  Base.Setup  - http://testvendo.ppms.co.in/#/page/signin
2023-05-24 15:11:20,539 [main] INFO  Base.Setup  - http://testvendo.ppms.co.in/#/page/signin
2023-05-24 15:13:34,775 [main] INFO  Base.Setup  - http://testvendo.ppms.co.in/#/page/signin
2023-05-24 15:14:34,940 [main] INFO  Base.Setup  - http://testvendo.ppms.co.in/#/page/signin
2023-05-24 15:17:12,739 [main] INFO  Base.Setup  - http://testvendo.ppms.co.in/#/page/signin
2023-05-24 15:18:47,028 [main] INFO  Base.Setup  - http://testvendo.ppms.co.in/#/page/signin
2023-05-24 15:20:31,832 [main] INFO  Base.Setup  - http://testvendo.ppms.co.in/#/page/signin
2023-05-24 15:22:32,363 [main] INFO  Base.Setup  - http://testvendo.ppms.co.in/#/page/signin
2023-05-24 15:23:12,661 [main] INFO  Base.Setup  - http://testvendo.ppms.co.in/#/page/signin
2023-05-24 15:23:56,097 [main] INFO  Base.Setup  - http://testvendo.ppms.co.in/#/page/signin
2023-05-24 15:24:41,594 [main] INFO  Base.Setup  - http://testvendo.ppms.co.in/#/page/signin
2023-05-24 16:07:18,721 [main] INFO  Base.Setup  - http://testvendo.ppms.co.in/#/page/signin
2023-05-24 16:08:22,813 [main] INFO  Base.Setup  - http://testvendo.ppms.co.in/#/page/signin
2023-05-24 16:14:40,220 [main] INFO  Base.Setup  - http://testvendo.ppms.co.in/#/page/signin
2023-05-24 16:17:08,025 [main] INFO  Base.Setup  - http://testvendo.ppms.co.in/#/page/signin
2023-05-24 16:18:15,590 [main] INFO  Base.Setup  - http://testvendo.ppms.co.in/#/page/signin
2023-05-24 17:23:28,702 [main] INFO  Base.Setup  - http://testvendo.ppms.co.in/#/page/signin
2023-05-24 17:24:04,907 [main] INFO  Base.Setup  - http://testvendo.ppms.co.in/#/page/signin
2023-05-24 17:25:51,578 [main] INFO  Base.Setup  - http://testvendo.ppms.co.in/#/page/signin
2023-05-24 17:28:15,065 [main] INFO  Base.Setup  - http://testvendo.ppms.co.in/#/page/signin
2023-05-24 17:30:14,093 [main] INFO  Base.Setup  - http://testvendo.ppms.co.in/#/page/signin
2023-05-24 17:36:18,397 [main] INFO  Base.Setup  - http://testvendo.ppms.co.in/#/page/signin
2023-05-24 17:36:56,506 [main] INFO  Base.Setup  - http://testvendo.ppms.co.in/#/page/signin
2023-05-24 17:43:05,134 [main] INFO  Base.Setup  - http://testvendo.ppms.co.in/#/page/signin
2023-05-24 17:50:58,934 [main] INFO  Base.Setup  - http://testvendo.ppms.co.in/#/page/signin
2023-05-24 18:08:05,802 [main] INFO  Base.Setup  - http://testvendo.ppms.co.in/#/page/signin
2023-05-24 18:09:12,711 [main] INFO  Base.Setup  - http://testvendo.ppms.co.in/#/page/signin
2023-05-24 18:10:03,329 [main] INFO  Base.Setup  - http://testvendo.ppms.co.in/#/page/signin
2023-05-24 19:15:25,128 [main] INFO  Base.Setup  - http://testvendo.ppms.co.in/#/page/signin
2023-05-24 19:15:53,951 [main] INFO  Base.Setup  - Filemanager Window is Opened
2023-05-24 19:16:51,325 [main] INFO  Base.Setup  - http://testvendo.ppms.co.in/#/page/signin
2023-05-24 19:43:32,143 [main] INFO  Base.Setup  - http://testvendo.ppms.co.in/#/page/signin
2023-05-24 19:44:04,579 [main] INFO  Base.Setup  - Filemanager Window is Opened
2023-05-24 19:44:08,112 [main] INFO  Base.Setup  - Image path is Pasted
2023-05-24 19:44:40,772 [main] INFO  Base.Setup  - http://testvendo.ppms.co.in/#/page/signin
2023-05-24 19:45:08,812 [main] INFO  Base.Setup  - http://testvendo.ppms.co.in/#/page/signin
2023-05-24 19:45:22,927 [main] INFO  Base.Setup  - Filemanager Window is Opened
2023-05-24 19:45:22,958 [main] INFO  Base.Setup  - Image path is Pasted
2023-05-24 19:45:23,068 [main] INFO  Base.Setup  - File is Uploaded
2023-05-24 19:52:26,285 [main] INFO  Base.Setup  - http://testvendo.ppms.co.in/#/page/signin
2023-05-24 19:52:40,202 [main] INFO  Base.Setup  - Filemanager Window is Opened
2023-05-24 19:52:40,244 [main] INFO  Base.Setup  - Image path is Pasted
2023-05-24 19:52:40,352 [main] INFO  Base.Setup  - File is Uploaded
2023-05-24 20:05:34,345 [main] INFO  Base.Setup  - http://testvendo.ppms.co.in/#/page/signin
2023-05-24 20:05:55,889 [main] INFO  Base.Setup  - Filemanager Window is Opened
2023-05-24 20:05:56,069 [main] INFO  Base.Setup  - Image path is Pasted
2023-05-24 20:05:56,185 [main] INFO  Base.Setup  - File is Uploaded
2023-05-24 20:06:12,356 [main] INFO  Base.Setup  - http://testvendo.ppms.co.in/#/page/signin
2023-05-24 20:06:26,228 [main] INFO  Base.Setup  - Filemanager Window is Opened
2023-05-24 20:06:26,264 [main] INFO  Base.Setup  - Image path is Pasted
2023-05-24 20:06:26,379 [main] INFO  Base.Setup  - File is Uploaded
2023-05-24 20:06:58,375 [main] INFO  Base.Setup  - http://testvendo.ppms.co.in/#/page/signin
2023-05-24 20:08:05,326 [main] INFO  Base.Setup  - Filemanager Window is Opened
2023-05-24 20:08:34,326 [main] INFO  Base.Setup  - Image path is Pasted
2023-05-24 20:09:21,346 [main] INFO  Base.Setup  - File is Uploaded
2023-05-24 20:10:32,158 [main] INFO  Base.Setup  - http://testvendo.ppms.co.in/#/page/signin
2023-05-24 20:10:48,837 [main] INFO  Base.Setup  - Filemanager Window is Opened
2023-05-24 20:10:48,890 [main] INFO  Base.Setup  - Image path is Pasted
2023-05-24 20:10:49,009 [main] INFO  Base.Setup  - File is Uploaded
2023-05-24 20:12:12,467 [main] INFO  Base.Setup  - http://testvendo.ppms.co.in/#/page/signin
2023-05-24 20:12:45,745 [main] INFO  Base.Setup  - http://testvendo.ppms.co.in/#/page/signin
2023-05-24 20:13:01,524 [main] INFO  Base.Setup  - Filemanager Window is Opened
2023-05-24 20:13:01,573 [main] INFO  Base.Setup  - Image path is Pasted
2023-05-24 20:13:01,688 [main] INFO  Base.Setup  - File is Uploaded
2023-05-24 20:21:12,064 [main] INFO  Base.Setup  - http://testvendo.ppms.co.in/#/page/signin
2023-05-24 20:21:35,227 [main] INFO  Base.Setup  - Filemanager Window is Opened
2023-05-24 20:21:39,141 [main] INFO  Base.Setup  - Image path is Pasted
2023-05-24 20:24:06,370 [main] INFO  Base.Setup  - http://testvendo.ppms.co.in/#/page/signin
2023-05-24 20:24:28,109 [main] INFO  Base.Setup  - Filemanager Window is Opened
2023-05-24 20:24:32,400 [main] INFO  Base.Setup  - Image path is Pasted
2023-05-24 20:26:09,787 [main] INFO  Base.Setup  - File is Uploaded
2023-05-24 20:26:49,188 [main] INFO  Base.Setup  - http://testvendo.ppms.co.in/#/page/signin
2023-05-24 20:27:31,669 [main] INFO  Base.Setup  - http://testvendo.ppms.co.in/#/page/signin
2023-05-24 20:33:38,494 [main] INFO  Base.Setup  - http://testvendo.ppms.co.in/#/page/signin
2023-05-24 20:34:05,516 [main] INFO  Base.Setup  - Image path is Pasted
2023-05-24 20:40:19,322 [main] INFO  Base.Setup  - http://testvendo.ppms.co.in/#/page/signin
2023-05-24 20:40:51,522 [main] INFO  Base.Setup  - http://testvendo.ppms.co.in/#/page/signin
2023-05-24 20:41:21,059 [main] INFO  Base.Setup  - http://testvendo.ppms.co.in/#/page/signin
2023-05-24 20:41:38,164 [main] INFO  Base.Setup  - Excel path is Pasted
2023-05-24 20:41:38,181 [main] INFO  Base.Setup  - File is Uploaded
2023-05-24 20:41:58,403 [main] INFO  Base.Setup  - http://testvendo.ppms.co.in/#/page/signin
2023-05-24 20:42:22,854 [main] INFO  Base.Setup  - Excel path is Pasted
2023-05-24 20:42:42,930 [main] INFO  Base.Setup  - File is Uploaded
2023-05-24 20:43:31,850 [main] INFO  Base.Setup  - http://testvendo.ppms.co.in/#/page/signin
2023-05-24 20:43:45,578 [main] INFO  Base.Setup  - Excel path is Pasted
2023-05-24 20:43:45,590 [main] INFO  Base.Setup  - File is Uploaded
2023-05-24 20:44:20,295 [main] INFO  Base.Setup  - http://testvendo.ppms.co.in/#/page/signin
2023-05-24 20:44:34,669 [main] INFO  Base.Setup  - Excel path is Pasted
2023-05-24 20:44:34,685 [main] INFO  Base.Setup  - File is Uploaded
2023-05-24 20:52:37,791 [main] INFO  Base.Setup  - http://testvendo.ppms.co.in/#/page/signin
2023-05-24 20:53:21,761 [main] INFO  Base.Setup  - http://testvendo.ppms.co.in/#/page/signin
2023-05-24 21:10:19,126 [main] INFO  Base.Setup  - http://testvendo.ppms.co.in/#/page/signin
2023-05-25 09:23:49,700 [main] INFO  Base.Setup  - http://testvendo.ppms.co.in/#/page/signin
2023-05-25 09:25:57,320 [main] INFO  Base.Setup  - http://testvendo.ppms.co.in/#/page/signin
2023-05-25 09:27:50,135 [main] INFO  Base.Setup  - http://testvendo.ppms.co.in/#/page/signin
2023-05-25 09:28:41,189 [main] INFO  Base.Setup  - http://testvendo.ppms.co.in/#/page/signin
2023-05-25 10:06:29,953 [main] INFO  Base.Setup  - http://testvendo.ppms.co.in/#/page/signin
2023-05-25 10:07:05,778 [main] INFO  Base.Setup  - http://testvendo.ppms.co.in/#/page/signin
2023-05-25 10:08:13,648 [main] INFO  Base.Setup  - http://testvendo.ppms.co.in/#/page/signin
2023-05-25 10:11:05,533 [main] INFO  Base.Setup  - http://testvendo.ppms.co.in/#/page/signin
2023-05-25 10:14:59,007 [main] INFO  Base.Setup  - http://testvendo.ppms.co.in/#/page/signin
2023-05-25 10:21:30,580 [main] INFO  Base.Setup  - http://testvendo.ppms.co.in/#/page/signin
2023-05-25 10:33:59,677 [main] INFO  Base.Setup  - http://testvendo.ppms.co.in/#/page/signin
2023-05-25 10:34:46,082 [main] INFO  Base.Setup  - http://testvendo.ppms.co.in/#/page/signin
2023-05-25 10:42:35,384 [main] INFO  Base.Setup  - http://testvendo.ppms.co.in/#/page/signin
2023-05-25 10:43:57,692 [main] INFO  Base.Setup  - http://testvendo.ppms.co.in/#/page/signin
2023-05-25 10:46:33,804 [main] INFO  Base.Setup  - http://testvendo.ppms.co.in/#/page/signin
2023-05-25 10:47:54,900 [main] INFO  Base.Setup  - http://testvendo.ppms.co.in/#/page/signin
2023-05-25 10:48:46,052 [main] INFO  Base.Setup  - http://testvendo.ppms.co.in/#/page/signin
2023-05-25 11:11:06,925 [main] INFO  Base.Setup  - http://testvendo.ppms.co.in/#/form/state
2023-05-25 11:12:02,987 [main] INFO  Base.Setup  - http://testvendo.ppms.co.in/#/page/signin
2023-05-25 11:13:51,261 [main] INFO  Base.Setup  - http://testvendo.ppms.co.in/#/page/signin
2023-05-25 11:16:11,893 [main] INFO  Base.Setup  - http://testvendo.ppms.co.in/#/page/signin
2023-05-25 11:18:15,283 [main] INFO  Base.Setup  - http://testvendo.ppms.co.in/#/page/signin
2023-05-25 11:21:35,177 [main] INFO  Base.Setup  - http://testvendo.ppms.co.in/#/page/signin
2023-05-25 11:22:19,005 [main] INFO  Base.Setup  - http://testvendo.ppms.co.in/#/page/signin
2023-05-25 11:22:51,534 [main] INFO  Base.Setup  - http://testvendo.ppms.co.in/#/page/signin
2023-05-25 11:26:14,948 [main] INFO  Base.Setup  - http://testvendo.ppms.co.in/#/page/signin
2023-05-25 11:28:39,841 [main] INFO  Base.Setup  - http://testvendo.ppms.co.in/#/page/signin
2023-05-25 11:29:55,013 [main] INFO  Base.Setup  - http://testvendo.ppms.co.in/#/page/signin
2023-05-25 11:31:06,725 [main] INFO  Base.Setup  - http://testvendo.ppms.co.in/#/page/signin
2023-05-25 11:31:38,884 [main] INFO  Base.Setup  - http://testvendo.ppms.co.in/#/page/signin
2023-05-25 11:32:11,462 [main] INFO  Base.Setup  - http://testvendo.ppms.co.in/#/page/signin
2023-05-25 11:46:13,781 [main] INFO  Base.Setup  - http://testvendo.ppms.co.in/#/page/signin
2023-05-25 11:59:45,105 [main] INFO  Base.Setup  - http://testvendo.ppms.co.in/#/page/signin
2023-05-25 12:00:49,182 [main] INFO  Base.Setup  - http://testvendo.ppms.co.in/#/page/signin
2023-05-25 12:01:44,689 [main] INFO  Base.Setup  - http://testvendo.ppms.co.in/#/page/signin
2023-05-25 12:04:10,440 [main] INFO  Base.Setup  - http://testvendo.ppms.co.in/#/page/signin
2023-05-25 12:05:37,147 [main] INFO  Base.Setup  - http://testvendo.ppms.co.in/#/page/signin
2023-05-25 12:07:03,233 [main] INFO  Base.Setup  - http://testvendo.ppms.co.in/#/page/signin
2023-05-25 12:08:45,545 [main] INFO  Base.Setup  - http://testvendo.ppms.co.in/#/page/signin
2023-05-25 12:16:12,226 [main] INFO  Base.Setup  - http://testvendo.ppms.co.in/#/page/signin
2023-05-25 13:27:53,735 [main] INFO  Base.Setup  - http://testvendo.ppms.co.in/#/page/signin
2023-05-25 13:29:29,814 [main] INFO  Base.Setup  - http://testvendo.ppms.co.in/#/page/signin
2023-05-25 14:28:16,315 [main] INFO  Base.Setup  - http://testvendo.ppms.co.in/#/page/signin
2023-05-25 14:28:28,423 [main] INFO  Base.Setup  - Showing 1/42 entries
2023-05-25 14:35:56,901 [main] INFO  Base.Setup  - http://testvendo.ppms.co.in/#/page/signin
2023-05-25 14:36:08,239 [main] INFO  Base.Setup  - Showing 1/42 entries
2023-05-25 14:37:52,954 [main] INFO  Base.Setup  - http://testvendo.ppms.co.in/#/page/signin
2023-05-25 14:38:04,616 [main] INFO  Base.Setup  - Showing 1/42 entries
2023-05-25 14:38:44,847 [main] INFO  Base.Setup  - http://testvendo.ppms.co.in/#/page/signin
2023-05-25 14:38:57,595 [main] INFO  Base.Setup  - Showing 1/42 entries
2023-05-25 14:39:25,150 [main] INFO  Base.Setup  - http://testvendo.ppms.co.in/#/page/signin
2023-05-25 14:39:36,625 [main] INFO  Base.Setup  - Showing 1/42 entries
2023-05-25 14:40:25,683 [main] INFO  Base.Setup  - http://testvendo.ppms.co.in/#/page/signin
2023-05-25 14:40:39,576 [main] INFO  Base.Setup  - http://testvendo.ppms.co.in/#/page/signin
2023-05-25 14:40:51,384 [main] INFO  Base.Setup  - Showing 1/42 entries
2023-05-25 15:35:24,400 [main] INFO  Base.Setup  - http://testvendo.ppms.co.in/#/page/signin
2023-05-25 15:36:17,182 [main] INFO  Base.Setup  - Showing 1/42 entries
2023-05-25 15:40:35,813 [main] INFO  Base.Setup  - http://testvendo.ppms.co.in/#/page/signin
2023-05-25 15:40:57,217 [main] INFO  Base.Setup  - Showing 1/42 entries
2023-05-25 15:44:32,319 [main] INFO  Base.Setup  - http://testvendo.ppms.co.in/#/page/signin
2023-05-25 15:44:59,357 [main] INFO  Base.Setup  - http://testvendo.ppms.co.in/#/page/signin
2023-05-25 15:45:39,521 [main] INFO  Base.Setup  - http://testvendo.ppms.co.in/#/page/signin
2023-05-25 15:45:58,010 [main] INFO  Base.Setup  - Showing 1/42 entries
2023-05-25 15:47:43,994 [main] INFO  Base.Setup  - http://testvendo.ppms.co.in/#/page/signin
2023-05-25 15:48:18,764 [main] INFO  Base.Setup  - Showing 1/42 entries
2023-05-25 16:01:53,176 [main] INFO  Base.Setup  - http://testvendo.ppms.co.in/#/page/signin
2023-05-25 16:02:12,350 [main] INFO  Base.Setup  - Showing 1/42 entries
2023-05-25 16:02:53,354 [main] INFO  Base.Setup  - http://testvendo.ppms.co.in/#/page/signin
2023-05-25 16:03:12,431 [main] INFO  Base.Setup  - Showing 1/42 entries
2023-05-25 16:03:53,016 [main] INFO  Base.Setup  - http://testvendo.ppms.co.in/#/page/signin
2023-05-25 16:04:09,579 [main] INFO  Base.Setup  - Showing 1/42 entries
2023-05-25 16:06:59,131 [main] INFO  Base.Setup  - http://testvendo.ppms.co.in/#/page/signin
2023-05-25 16:07:14,899 [main] INFO  Base.Setup  - Showing 1/42 entries
2023-05-25 16:09:00,403 [main] INFO  Base.Setup  - http://testvendo.ppms.co.in/#/page/signin
2023-05-25 16:09:25,372 [main] INFO  Base.Setup  - Showing 1/42 entries
2023-05-25 16:13:02,838 [main] INFO  Base.Setup  - http://testvendo.ppms.co.in/#/page/signin
2023-05-25 16:13:22,024 [main] INFO  Base.Setup  - Showing 1/42 entries
2023-05-25 16:24:54,538 [main] INFO  Base.Setup  - http://testvendo.ppms.co.in/#/page/signin
2023-05-25 16:25:10,907 [main] INFO  Base.Setup  - Showing 1/42 entries
2023-05-25 19:21:26,882 [main] INFO  Base.Setup  - http://testvendo.ppms.co.in/#/page/signin
2023-05-25 19:21:33,351 [main] INFO  Base.Setup  - Updating the added State
2023-05-25 19:21:36,487 [main] INFO  Base.Setup  - Deleted the added state
2023-05-25 19:21:37,532 [main] INFO  Base.Setup  - Showing 1/42 entries
2023-05-25 19:21:41,932 [main] INFO  Base.Setup  - File Location sent !
2023-05-25 19:21:41,932 [main] INFO  Base.Setup  - File uploaded successfully
2023-05-25 19:23:02,750 [main] INFO  Base.Setup  - http://testvendo.ppms.co.in/#/page/signin
2023-05-25 19:23:08,865 [main] INFO  Base.Setup  - Updating the added State
2023-05-25 19:23:12,084 [main] INFO  Base.Setup  - Deleted the added state
2023-05-25 19:23:18,555 [main] INFO  Base.Setup  - Showing 1/42 entries
2023-05-25 19:23:36,684 [main] INFO  Base.Setup  - File Location sent !
2023-05-25 19:23:36,685 [main] INFO  Base.Setup  - File uploaded successfully
2023-05-25 19:24:08,841 [main] INFO  Base.Setup  - http://testvendo.ppms.co.in/#/page/signin
2023-05-25 19:24:15,154 [main] INFO  Base.Setup  - Updating the added State
2023-05-25 19:24:18,295 [main] INFO  Base.Setup  - Deleted the added state
2023-05-25 19:24:19,341 [main] INFO  Base.Setup  - Showing 1/42 entries
2023-05-25 19:24:23,656 [main] INFO  Base.Setup  - File Location sent !
2023-05-25 19:24:23,658 [main] INFO  Base.Setup  - File uploaded successfully
